{"/Users/teresagonzalez/Documents/EjerciciosJS/src/ejercicio1.js": {"path":"/Users/teresagonzalez/Documents/EjerciciosJS/src/ejercicio1.js","statementMap":{"0":{"start":{"line":1,"column":22},"end":{"line":11,"column":1}},"1":{"start":{"line":2,"column":4},"end":{"line":4,"column":5}},"2":{"start":{"line":3,"column":8},"end":{"line":3,"column":32}},"3":{"start":{"line":5,"column":4},"end":{"line":5,"column":16}},"4":{"start":{"line":7,"column":4},"end":{"line":9,"column":5}},"5":{"start":{"line":7,"column":14},"end":{"line":7,"column":34}},"6":{"start":{"line":8,"column":8},"end":{"line":8,"column":34}},"7":{"start":{"line":10,"column":4},"end":{"line":10,"column":19}},"8":{"start":{"line":14,"column":0},"end":{"line":16,"column":2}}},"fnMap":{"0":{"name":"(anonymous_0)","decl":{"start":{"line":1,"column":22},"end":{"line":1,"column":23}},"loc":{"start":{"line":1,"column":39},"end":{"line":11,"column":1}},"line":1}},"branchMap":{"0":{"loc":{"start":{"line":2,"column":4},"end":{"line":4,"column":5}},"type":"if","locations":[{"start":{"line":2,"column":4},"end":{"line":4,"column":5}},{"start":{},"end":{}}],"line":2}},"s":{"0":1,"1":2,"2":1,"3":1,"4":1,"5":1,"6":4,"7":1,"8":1},"f":{"0":2},"b":{"0":[1,1]},"_coverageSchema":"1a1c01bbd47fc00a2c39e90264f33305004495a9","hash":"fb8441112e9d5a6d86d7e5f351a71653a70208fe"}
,"/Users/teresagonzalez/Documents/EjerciciosJS/src/ejercicio2.js": {"path":"/Users/teresagonzalez/Documents/EjerciciosJS/src/ejercicio2.js","statementMap":{"0":{"start":{"line":1,"column":21},"end":{"line":17,"column":1}},"1":{"start":{"line":2,"column":4},"end":{"line":4,"column":5}},"2":{"start":{"line":3,"column":8},"end":{"line":3,"column":32}},"3":{"start":{"line":6,"column":4},"end":{"line":6,"column":16}},"4":{"start":{"line":8,"column":4},"end":{"line":10,"column":5}},"5":{"start":{"line":8,"column":14},"end":{"line":8,"column":34}},"6":{"start":{"line":9,"column":8},"end":{"line":9,"column":34}},"7":{"start":{"line":11,"column":4},"end":{"line":16,"column":5}},"8":{"start":{"line":12,"column":8},"end":{"line":12,"column":19}},"9":{"start":{"line":15,"column":8},"end":{"line":15,"column":20}},"10":{"start":{"line":19,"column":0},"end":{"line":21,"column":2}},"11":{"start":{"line":23,"column":0},"end":{"line":23,"column":36}},"12":{"start":{"line":24,"column":0},"end":{"line":24,"column":34}}},"fnMap":{"0":{"name":"(anonymous_0)","decl":{"start":{"line":1,"column":21},"end":{"line":1,"column":22}},"loc":{"start":{"line":1,"column":37},"end":{"line":17,"column":1}},"line":1}},"branchMap":{"0":{"loc":{"start":{"line":2,"column":4},"end":{"line":4,"column":5}},"type":"if","locations":[{"start":{"line":2,"column":4},"end":{"line":4,"column":5}},{"start":{},"end":{}}],"line":2},"1":{"loc":{"start":{"line":11,"column":4},"end":{"line":16,"column":5}},"type":"if","locations":[{"start":{"line":11,"column":4},"end":{"line":16,"column":5}},{"start":{"line":14,"column":8},"end":{"line":16,"column":5}}],"line":11}},"s":{"0":1,"1":6,"2":2,"3":4,"4":4,"5":4,"6":19,"7":4,"8":2,"9":2,"10":1,"11":1,"12":1},"f":{"0":6},"b":{"0":[2,4],"1":[2,2]},"_coverageSchema":"1a1c01bbd47fc00a2c39e90264f33305004495a9","hash":"58a05b5f79a5c447e0b6a6ef47e6aaadf880a597"}
}
